<?php
/**
 * Created 2021-09-28
 * Author Dmitry Kushneriov
 */AH00558: apache2: Could not reliably determine the server's fully qualified domain name, using 172.24.0.3. Set the 'ServerName' directive globally to suppress this message
[Tue Sep 28 15:23:36.566133 2021] [mpm_prefork:notice] [pid 1] AH00163: Apache/2.4.48 (Debian) PHP/8.0.11 configured -- resuming normal operations
[Tue Sep 28 15:23:36.566197 2021] [core:notice] [pid 1] AH00094: Command line: 'apache2 -D FOREGROUND'
[Tue Sep 28 15:28:39.892718 2021] [mpm_prefork:notice] [pid 1] AH00170: caught SIGWINCH, shutting down gracefully
AH00558: apache2: Could not reliably determine the server's fully qualified domain name, using 172.24.0.3. Set the 'ServerName' directive globally to suppress this message
[Tue Sep 28 15:30:44.936596 2021] [mpm_prefork:notice] [pid 1] AH00163: Apache/2.4.48 (Debian) PHP/8.0.11 configured -- resuming normal operations
[Tue Sep 28 15:30:44.936654 2021] [core:notice] [pid 1] AH00094: Command line: 'apache2 -D FOREGROUND'
[Tue Sep 28 15:31:02.337840 2021] [mpm_prefork:notice] [pid 1] AH00170: caught SIGWINCH, shutting down gracefully
AH00558: apache2: Could not reliably determine the server's fully qualified domain name, using 172.24.0.3. Set the 'ServerName' directive globally to suppress this message
[Tue Sep 28 15:31:28.126974 2021] [mpm_prefork:notice] [pid 1] AH00163: Apache/2.4.48 (Debian) PHP/8.0.11 configured -- resuming normal operations
[Tue Sep 28 15:31:28.127056 2021] [core:notice] [pid 1] AH00094: Command line: 'apache2 -D FOREGROUND'
[Tue Sep 28 15:31:36.977383 2021] [mpm_prefork:notice] [pid 1] AH00170: caught SIGWINCH, shutting down gracefully
AH00558: apache2: Could not reliably determine the server's fully qualified domain name, using 172.24.0.3. Set the 'ServerName' directive globally to suppress this message
[Tue Sep 28 15:33:42.312285 2021] [mpm_prefork:notice] [pid 1] AH00163: Apache/2.4.48 (Debian) PHP/8.0.11 configured -- resuming normal operations
[Tue Sep 28 15:33:42.312422 2021] [core:notice] [pid 1] AH00094: Command line: 'apache2 -D FOREGROUND'
[Tue Sep 28 15:34:15.677164 2021] [mpm_prefork:notice] [pid 1] AH00170: caught SIGWINCH, shutting down gracefully
AH00558: apache2: Could not reliably determine the server's fully qualified domain name, using 172.24.0.3. Set the 'ServerName' directive globally to suppress this message
[Tue Sep 28 15:35:38.631766 2021] [mpm_prefork:notice] [pid 1] AH00163: Apache/2.4.48 (Debian) PHP/8.0.11 configured -- resuming normal operations
[Tue Sep 28 15:35:38.631822 2021] [core:notice] [pid 1] AH00094: Command line: 'apache2 -D FOREGROUND'
[Tue Sep 28 15:36:05.084096 2021] [mpm_prefork:notice] [pid 1] AH00170: caught SIGWINCH, shutting down gracefully
AH00558: apache2: Could not reliably determine the server's fully qualified domain name, using 172.24.0.3. Set the 'ServerName' directive globally to suppress this message
[Tue Sep 28 15:36:17.106737 2021] [mpm_prefork:notice] [pid 1] AH00163: Apache/2.4.48 (Debian) PHP/8.0.11 configured -- resuming normal operations
[Tue Sep 28 15:36:17.106805 2021] [core:notice] [pid 1] AH00094: Command line: 'apache2 -D FOREGROUND'
